La génération a démarré 12/11/2016 22:18:31.
     1>Projet "C:\Users\héhéhéhéhéhéhéhé\Documents\cpp_babel\Client\ClientBabel\ClientBabel\ClientBabel.vcxproj" sur le nœud 2 (Build cible(s)).
     1>ClCompile:
         C:\Program Files (x86)\Microsoft Visual Studio 14.0\VC\bin\x86_amd64\CL.exe /c /I.\GeneratedFiles /I. /IJ:\Qt\5.6\msvc2015_64\include /I.\GeneratedFiles\Debug /IJ:\Qt\5.6\msvc2015_64\include\QtCore /IJ:\Qt\5.6\msvc2015_64\include\QtGui /IJ:\Qt\5.6\msvc2015_64\include\QtWidgets /Zi /nologo /W1 /WX- /Od /D UNICODE /D WIN32 /D QT_DLL /D QT_CORE_LIB /D QT_GUI_LIB /D QT_WIDGETS_LIB /Gm- /EHsc /MDd /GS /fp:precise /Zc:wchar_t /Zc:forScope /Zc:inline /Fo"x64\Debug\\" /Fd"x64\Debug\vc140.pdb" /Gd /TP /errorReport:prompt Network.cpp
         Network.cpp
       Link:
         C:\Program Files (x86)\Microsoft Visual Studio 14.0\VC\bin\x86_amd64\link.exe /ERRORREPORT:PROMPT /OUT:"C:\Users\héhéhéhéhéhéhéhé\Documents\cpp_babel\Client\ClientBabel\x64\Debug\\ClientBabel.exe" /NOLOGO /LIBPATH:J:\Qt\5.6\msvc2015_64\lib qtmaind.lib Qt5Cored.lib Qt5Guid.lib Qt5Widgetsd.lib kernel32.lib user32.lib gdi32.lib winspool.lib comdlg32.lib advapi32.lib shell32.lib ole32.lib oleaut32.lib uuid.lib odbc32.lib odbccp32.lib /MANIFEST /MANIFESTUAC:"level='asInvoker' uiAccess='false'" /manifest:embed /Debug /PDB:"C:\Users\héhéhéhéhéhéhéhé\Documents\cpp_babel\Client\ClientBabel\x64\Debug\ClientBabel.pdb" /SUBSYSTEM:WINDOWS /TLBID:1 /DYNAMICBASE /NXCOMPAT /IMPLIB:"C:\Users\héhéhéhéhéhéhéhé\Documents\cpp_babel\Client\ClientBabel\x64\Debug\ClientBabel.lib" /MACHINE:X64 x64\Debug\ASocket.obj
         x64\Debug\Buffer.obj
         x64\Debug\moc_Network.obj
         x64\Debug\moc_window.obj
         x64\Debug\qrc_clientbabel.obj
         x64\Debug\main.obj
         x64\Debug\Network.obj
         x64\Debug\SocketManager.obj
         x64\Debug\window.obj
         x64\Debug\WinSocket.obj
         ClientBabel.vcxproj -> C:\Users\héhéhéhéhéhéhéhé\Documents\cpp_babel\Client\ClientBabel\x64\Debug\ClientBabel.exe
     1>Génération du projet "C:\Users\héhéhéhéhéhéhéhé\Documents\cpp_babel\Client\ClientBabel\ClientBabel\ClientBabel.vcxproj" terminée (Build cible(s)).

La génération a réussi.

Temps écoulé 00:00:01.30
