c:\users\sami\documents\github\cpp_babel\client\clientbabel\clientbabel\x64\debug\vc140.pdb
c:\users\sami\documents\github\cpp_babel\client\clientbabel\clientbabel\x64\debug\winsocket.obj
c:\users\sami\documents\github\cpp_babel\client\clientbabel\clientbabel\x64\debug\window.obj
c:\users\sami\documents\github\cpp_babel\client\clientbabel\clientbabel\x64\debug\main.obj
c:\users\sami\documents\github\cpp_babel\client\clientbabel\clientbabel\x64\debug\moc_window.obj
c:\users\sami\documents\github\cpp_babel\client\clientbabel\clientbabel\x64\debug\command.obj
c:\users\sami\documents\github\cpp_babel\client\clientbabel\clientbabel\x64\debug\buffer.obj
c:\users\sami\documents\github\cpp_babel\client\clientbabel\clientbabel\x64\debug\asocket.obj
c:\users\sami\documents\github\cpp_babel\client\clientbabel\clientbabel\x64\debug\qrc_clientbabel.obj
c:\users\sami\documents\github\cpp_babel\client\clientbabel\clientbabel\generatedfiles\debug\moc_window.cpp
c:\users\sami\documents\github\cpp_babel\client\clientbabel\clientbabel\generatedfiles\ui_clientbabel.h
c:\users\sami\documents\github\cpp_babel\client\clientbabel\clientbabel\generatedfiles\qrc_clientbabel.cpp
c:\users\sami\documents\github\cpp_babel\client\clientbabel\x64\debug\clientbabel.ilk
c:\users\sami\documents\github\cpp_babel\client\clientbabel\x64\debug\clientbabel.exe
c:\users\sami\documents\github\cpp_babel\client\clientbabel\x64\debug\clientbabel.pdb
c:\users\sami\documents\github\cpp_babel\client\clientbabel\clientbabel\x64\debug\clientbabel.tlog\cl.command.1.tlog
c:\users\sami\documents\github\cpp_babel\client\clientbabel\clientbabel\x64\debug\clientbabel.tlog\cl.read.1.tlog
c:\users\sami\documents\github\cpp_babel\client\clientbabel\clientbabel\x64\debug\clientbabel.tlog\cl.write.1.tlog
c:\users\sami\documents\github\cpp_babel\client\clientbabel\clientbabel\x64\debug\clientbabel.tlog\custombuild.command.1.tlog
c:\users\sami\documents\github\cpp_babel\client\clientbabel\clientbabel\x64\debug\clientbabel.tlog\custombuild.read.1.tlog
c:\users\sami\documents\github\cpp_babel\client\clientbabel\clientbabel\x64\debug\clientbabel.tlog\custombuild.write.1.tlog
c:\users\sami\documents\github\cpp_babel\client\clientbabel\clientbabel\x64\debug\clientbabel.tlog\link.command.1.tlog
c:\users\sami\documents\github\cpp_babel\client\clientbabel\clientbabel\x64\debug\clientbabel.tlog\link.read.1.tlog
c:\users\sami\documents\github\cpp_babel\client\clientbabel\clientbabel\x64\debug\clientbabel.tlog\link.write.1.tlog
