La génération a démarré 12/11/2016 22:27:25.
     1>Projet "C:\Users\héhéhéhéhéhéhéhé\Documents\cpp_babel\Server\BabelServer\BabelServer\BabelServer.vcxproj" sur le nœud 2 (Rebuild cible(s)).
     1>ClCompile:
         C:\Program Files (x86)\Microsoft Visual Studio 14.0\VC\bin\CL.exe /c /ZI /nologo /W3 /WX- /sdl /Od /Oy- /D _MBCS /D _MBCS /D _CRT_SECURE_NO_WARNINGS /Gm /EHsc /RTC1 /MDd /GS /fp:precise /Zc:wchar_t /Zc:forScope /Zc:inline /Fo"Debug\\" /Fd"Debug\vc140.pdb" /Gd /TP /analyze- /errorReport:prompt Common\ASocket.cpp Common\Buffer.cpp Common\main.cpp Common\SocketManager.cpp Common\User.cpp Common\UserManager.cpp Windows\WinSocket.cpp
         WinSocket.cpp
         UserManager.cpp
         User.cpp
         SocketManager.cpp
         main.cpp
         Buffer.cpp
         ASocket.cpp
         Génération de code en cours...
       Link:
         C:\Program Files (x86)\Microsoft Visual Studio 14.0\VC\bin\link.exe /ERRORREPORT:PROMPT /OUT:"C:\Users\héhéhéhéhéhéhéhé\Documents\cpp_babel\Server\BabelServer\Debug\BabelServer.exe" /INCREMENTAL /NOLOGO kernel32.lib user32.lib gdi32.lib winspool.lib comdlg32.lib advapi32.lib shell32.lib ole32.lib oleaut32.lib uuid.lib odbc32.lib odbccp32.lib /MANIFEST /MANIFESTUAC:"level='asInvoker' uiAccess='false'" /manifest:embed /Debug /PDB:"C:\Users\héhéhéhéhéhéhéhé\Documents\cpp_babel\Server\BabelServer\Debug\BabelServer.pdb" /SUBSYSTEM:CONSOLE /TLBID:1 /DYNAMICBASE /NXCOMPAT /IMPLIB:"C:\Users\héhéhéhéhéhéhéhé\Documents\cpp_babel\Server\BabelServer\Debug\BabelServer.lib" /MACHINE:X86 Debug\ASocket.obj
         Debug\Buffer.obj
         Debug\main.obj
         Debug\SocketManager.obj
         Debug\User.obj
         Debug\UserManager.obj
         Debug\WinSocket.obj
         BabelServer.vcxproj -> C:\Users\héhéhéhéhéhéhéhé\Documents\cpp_babel\Server\BabelServer\Debug\BabelServer.exe
     1>Génération du projet "C:\Users\héhéhéhéhéhéhéhé\Documents\cpp_babel\Server\BabelServer\BabelServer\BabelServer.vcxproj" terminée (Rebuild cible(s)).

La génération a réussi.

Temps écoulé 00:00:04.88
